<?xml version="1.0" encoding="UTF-8"?>
<!-- Generated by org.testng.reporters.JUnitXMLReporter -->
<testsuite ignored="3" hostname="Pardeeps-MacBook-Pro.local" failures="0" tests="5" name="Car Loan" time="0.039" errors="0" timestamp="2024-09-26T22:59:51 IST">
  <testcase classname="test.Day1" name="Demo" time="0.003"/>
  <testcase classname="test.Day2" name="lastTest1" time="0.001"/>
  <testcase classname="test.Day2" name="myTest1" time="0.005"/>
  <testcase classname="test.Day2" name="myTest1" time="0.002"/>
  <testcase classname="test.Day2" name="myTest1" time="0.002"/>
  <testcase classname="test.Day1" name="SecondTest" time="0.0">
    <ignored/>
  </testcase> <!-- SecondTest -->
  <testcase classname="test.Day2" name="newTest" time="0.0">
    <ignored/>
  </testcase> <!-- newTest -->
  <testcase classname="test.Day2" name="newTest1" time="0.0">
    <ignored/>
  </testcase> <!-- newTest1 -->
</testsuite> <!-- Car Loan -->
