<?xml version="1.0" encoding="UTF-8"?>
<!-- Generated by org.testng.reporters.JUnitXMLReporter -->
<testsuite ignored="3" hostname="Pardeeps-MacBook-Pro.local" failures="0" tests="2" name="SmokeTest" time="0.053" errors="0" timestamp="2024-09-26T21:34:51 IST">
  <testcase classname="test.Day1" name="SecondTest" time="0.012"/>
  <testcase classname="test.Day2" name="newTest" time="0.0"/>
  <testcase classname="test.Day1" name="Demo" time="0.0">
    <ignored/>
  </testcase> <!-- Demo -->
  <testcase classname="test.Day2" name="lastTest1" time="0.0">
    <ignored/>
  </testcase> <!-- lastTest1 -->
  <testcase classname="test.Day2" name="newTest1" time="0.0">
    <ignored/>
  </testcase> <!-- newTest1 -->
</testsuite> <!-- SmokeTest -->
