<?xml version="1.0" encoding="UTF-8"?>
<!-- Generated by org.testng.reporters.JUnitXMLReporter -->
<testsuite ignored="0" hostname="Pardeeps-MacBook-Pro.local" failures="0" tests="6" name="Default test" time="0.089" errors="0" timestamp="2024-09-27T20:38:09 IST">
  <testcase classname="test.Day2" name="lastTest1" time="0.006"/>
  <testcase classname="test.Day2" name="newTest" time="0.002"/>
  <testcase classname="test.Day2" name="newTest1" time="0.006"/>
  <testcase classname="test.Day2" name="myTest1" time="0.002"/>
  <testcase classname="test.Day2" name="myTest1" time="0.002"/>
  <testcase classname="test.Day2" name="myTest1" time="0.001"/>
</testsuite> <!-- Default test -->
